ERROR - 2025-03-10 11:47:34 --> mysqli_sql_exception: Unknown column 'px.no_rkm_medis' in 'field list' in /opt/lampp/htdocs/pkrs/system/Database/MySQLi/Connection.php:295
Stack trace:
#0 /opt/lampp/htdocs/pkrs/system/Database/MySQLi/Connection.php(295): mysqli->query('SELECT\n        ...', 0)
#1 /opt/lampp/htdocs/pkrs/system/Database/BaseConnection.php(691): CodeIgniter\Database\MySQLi\Connection->execute('SELECT\n        ...')
#2 /opt/lampp/htdocs/pkrs/system/Database/BaseConnection.php(605): CodeIgniter\Database\BaseConnection->simpleQuery('SELECT\n        ...')
#3 /opt/lampp/htdocs/pkrs/app/Controllers/Tesmata.php(37): CodeIgniter\Database\BaseConnection->query('SELECT\n        ...', Array)
#4 /opt/lampp/htdocs/pkrs/system/CodeIgniter.php(934): App\Controllers\Tesmata->listDatatesmata()
#5 /opt/lampp/htdocs/pkrs/system/CodeIgniter.php(499): CodeIgniter\CodeIgniter->runController(Object(App\Controllers\Tesmata))
#6 /opt/lampp/htdocs/pkrs/system/CodeIgniter.php(368): CodeIgniter\CodeIgniter->handleRequest(NULL, Object(Config\Cache), false)
#7 /opt/lampp/htdocs/pkrs/public/index.php(67): CodeIgniter\CodeIgniter->run()
#8 {main}
CRITICAL - 2025-03-10 11:47:34 --> Unknown column 'px.no_rkm_medis' in 'field list'
in SYSTEMPATH/Database/BaseConnection.php on line 645.
 1 APPPATH/Controllers/Tesmata.php(37): CodeIgniter\Database\BaseConnection->query('SELECT
                    px.no_rkm_medis,
                    px.nm_pasien
                FROM
                    t_hasil
                WHERE
                    DATE_FORMAT(t_hasil.tgl_input, \'%Y-%m-%d\') between ? and ?
                    ', [...])
 2 SYSTEMPATH/CodeIgniter.php(934): App\Controllers\Tesmata->listDatatesmata()
 3 SYSTEMPATH/CodeIgniter.php(499): CodeIgniter\CodeIgniter->runController(Object(App\Controllers\Tesmata))
 4 SYSTEMPATH/CodeIgniter.php(368): CodeIgniter\CodeIgniter->handleRequest(null, Object(Config\Cache), false)
 5 FCPATH/index.php(67): CodeIgniter\CodeIgniter->run()
ERROR - 2025-03-10 11:48:11 --> mysqli_sql_exception: Unknown column 't_hasil.kode_clinet' in 'field list' in /opt/lampp/htdocs/pkrs/system/Database/MySQLi/Connection.php:295
Stack trace:
#0 /opt/lampp/htdocs/pkrs/system/Database/MySQLi/Connection.php(295): mysqli->query('SELECT\n        ...', 0)
#1 /opt/lampp/htdocs/pkrs/system/Database/BaseConnection.php(691): CodeIgniter\Database\MySQLi\Connection->execute('SELECT\n        ...')
#2 /opt/lampp/htdocs/pkrs/system/Database/BaseConnection.php(605): CodeIgniter\Database\BaseConnection->simpleQuery('SELECT\n        ...')
#3 /opt/lampp/htdocs/pkrs/app/Controllers/Tesmata.php(37): CodeIgniter\Database\BaseConnection->query('SELECT\n        ...', Array)
#4 /opt/lampp/htdocs/pkrs/system/CodeIgniter.php(934): App\Controllers\Tesmata->listDatatesmata()
#5 /opt/lampp/htdocs/pkrs/system/CodeIgniter.php(499): CodeIgniter\CodeIgniter->runController(Object(App\Controllers\Tesmata))
#6 /opt/lampp/htdocs/pkrs/system/CodeIgniter.php(368): CodeIgniter\CodeIgniter->handleRequest(NULL, Object(Config\Cache), false)
#7 /opt/lampp/htdocs/pkrs/public/index.php(67): CodeIgniter\CodeIgniter->run()
#8 {main}
CRITICAL - 2025-03-10 11:48:11 --> Unknown column 't_hasil.kode_clinet' in 'field list'
in SYSTEMPATH/Database/BaseConnection.php on line 645.
 1 APPPATH/Controllers/Tesmata.php(37): CodeIgniter\Database\BaseConnection->query('SELECT
                    t_hasil.kode_hasil,
                    t_hasil.kode_clinet
                FROM
                    t_hasil
                WHERE
                    DATE_FORMAT(t_hasil.tgl_input, \'%Y-%m-%d\') between ? and ?
                    ', [...])
 2 SYSTEMPATH/CodeIgniter.php(934): App\Controllers\Tesmata->listDatatesmata()
 3 SYSTEMPATH/CodeIgniter.php(499): CodeIgniter\CodeIgniter->runController(Object(App\Controllers\Tesmata))
 4 SYSTEMPATH/CodeIgniter.php(368): CodeIgniter\CodeIgniter->handleRequest(null, Object(Config\Cache), false)
 5 FCPATH/index.php(67): CodeIgniter\CodeIgniter->run()
ERROR - 2025-03-10 11:49:04 --> mysqli_sql_exception: Unknown column 'm_clients.nama_client' in 'field list' in /opt/lampp/htdocs/pkrs/system/Database/MySQLi/Connection.php:295
Stack trace:
#0 /opt/lampp/htdocs/pkrs/system/Database/MySQLi/Connection.php(295): mysqli->query('SELECT\n        ...', 0)
#1 /opt/lampp/htdocs/pkrs/system/Database/BaseConnection.php(691): CodeIgniter\Database\MySQLi\Connection->execute('SELECT\n        ...')
#2 /opt/lampp/htdocs/pkrs/system/Database/BaseConnection.php(605): CodeIgniter\Database\BaseConnection->simpleQuery('SELECT\n        ...')
#3 /opt/lampp/htdocs/pkrs/app/Controllers/Tesmata.php(39): CodeIgniter\Database\BaseConnection->query('SELECT\n        ...', Array)
#4 /opt/lampp/htdocs/pkrs/system/CodeIgniter.php(934): App\Controllers\Tesmata->listDatatesmata()
#5 /opt/lampp/htdocs/pkrs/system/CodeIgniter.php(499): CodeIgniter\CodeIgniter->runController(Object(App\Controllers\Tesmata))
#6 /opt/lampp/htdocs/pkrs/system/CodeIgniter.php(368): CodeIgniter\CodeIgniter->handleRequest(NULL, Object(Config\Cache), false)
#7 /opt/lampp/htdocs/pkrs/public/index.php(67): CodeIgniter\CodeIgniter->run()
#8 {main}
CRITICAL - 2025-03-10 11:49:04 --> Unknown column 'm_clients.nama_client' in 'field list'
in SYSTEMPATH/Database/BaseConnection.php on line 645.
 1 APPPATH/Controllers/Tesmata.php(39): CodeIgniter\Database\BaseConnection->query('SELECT
                    t_hasil.kode_hasil,
                    t_hasil.kode_client,
                    m_clients.nama_client
                FROM
                    t_hasil
                join m_clients on m_clients.kode_client=t_hasil.kode_client
                WHERE
                    DATE_FORMAT(t_hasil.tgl_input, \'%Y-%m-%d\') between ? and ?
                    ', [...])
 2 SYSTEMPATH/CodeIgniter.php(934): App\Controllers\Tesmata->listDatatesmata()
 3 SYSTEMPATH/CodeIgniter.php(499): CodeIgniter\CodeIgniter->runController(Object(App\Controllers\Tesmata))
 4 SYSTEMPATH/CodeIgniter.php(368): CodeIgniter\CodeIgniter->handleRequest(null, Object(Config\Cache), false)
 5 FCPATH/index.php(67): CodeIgniter\CodeIgniter->run()
ERROR - 2025-03-10 12:00:40 --> mysqli_sql_exception: You have an error in your SQL syntax; check the manual that corresponds to your MariaDB server version for the right syntax to use near 'WHERE
                    DATE_FORMAT(t_hasil.tgl_input, '%Y-%m-%d') between ...' at line 16 in /opt/lampp/htdocs/pkrs/system/Database/MySQLi/Connection.php:295
Stack trace:
#0 /opt/lampp/htdocs/pkrs/system/Database/MySQLi/Connection.php(295): mysqli->query('SELECT\n        ...', 0)
#1 /opt/lampp/htdocs/pkrs/system/Database/BaseConnection.php(691): CodeIgniter\Database\MySQLi\Connection->execute('SELECT\n        ...')
#2 /opt/lampp/htdocs/pkrs/system/Database/BaseConnection.php(605): CodeIgniter\Database\BaseConnection->simpleQuery('SELECT\n        ...')
#3 /opt/lampp/htdocs/pkrs/app/Controllers/Tesmata.php(47): CodeIgniter\Database\BaseConnection->query('SELECT\n        ...', Array)
#4 /opt/lampp/htdocs/pkrs/system/CodeIgniter.php(934): App\Controllers\Tesmata->listDatatesmata()
#5 /opt/lampp/htdocs/pkrs/system/CodeIgniter.php(499): CodeIgniter\CodeIgniter->runController(Object(App\Controllers\Tesmata))
#6 /opt/lampp/htdocs/pkrs/system/CodeIgniter.php(368): CodeIgniter\CodeIgniter->handleRequest(NULL, Object(Config\Cache), false)
#7 /opt/lampp/htdocs/pkrs/public/index.php(67): CodeIgniter\CodeIgniter->run()
#8 {main}
CRITICAL - 2025-03-10 12:00:40 --> You have an error in your SQL syntax; check the manual that corresponds to your MariaDB server version for the right syntax to use near 'WHERE
                    DATE_FORMAT(t_hasil.tgl_input, '%Y-%m-%d') between ...' at line 16
in SYSTEMPATH/Database/BaseConnection.php on line 645.
 1 APPPATH/Controllers/Tesmata.php(47): CodeIgniter\Database\BaseConnection->query('SELECT
                    t_hasil.kode_hasil,
                    t_hasil.kode_client,
                    m_clients.nama,
                    m_clients.alamat,
                    m_clients.no_wa,
                    m_clients.email,
                    t_hasil.pemeriksaan,
                    t_hasil.od,
                    t_hasil.os,
                    t_hasil.tgl_input
                FROM
                    t_hasil
                join m_clients on m_clients.kode_client=t_hasil.kode_client
                left join pasien px on px.
                WHERE
                    DATE_FORMAT(t_hasil.tgl_input, \'%Y-%m-%d\') between ? and ?
                    ', [...])
 2 SYSTEMPATH/CodeIgniter.php(934): App\Controllers\Tesmata->listDatatesmata()
 3 SYSTEMPATH/CodeIgniter.php(499): CodeIgniter\CodeIgniter->runController(Object(App\Controllers\Tesmata))
 4 SYSTEMPATH/CodeIgniter.php(368): CodeIgniter\CodeIgniter->handleRequest(null, Object(Config\Cache), false)
 5 FCPATH/index.php(67): CodeIgniter\CodeIgniter->run()
ERROR - 2025-03-10 12:00:42 --> mysqli_sql_exception: You have an error in your SQL syntax; check the manual that corresponds to your MariaDB server version for the right syntax to use near 'WHERE
                    DATE_FORMAT(t_hasil.tgl_input, '%Y-%m-%d') between ...' at line 16 in /opt/lampp/htdocs/pkrs/system/Database/MySQLi/Connection.php:295
Stack trace:
#0 /opt/lampp/htdocs/pkrs/system/Database/MySQLi/Connection.php(295): mysqli->query('SELECT\n        ...', 0)
#1 /opt/lampp/htdocs/pkrs/system/Database/BaseConnection.php(691): CodeIgniter\Database\MySQLi\Connection->execute('SELECT\n        ...')
#2 /opt/lampp/htdocs/pkrs/system/Database/BaseConnection.php(605): CodeIgniter\Database\BaseConnection->simpleQuery('SELECT\n        ...')
#3 /opt/lampp/htdocs/pkrs/app/Controllers/Tesmata.php(47): CodeIgniter\Database\BaseConnection->query('SELECT\n        ...', Array)
#4 /opt/lampp/htdocs/pkrs/system/CodeIgniter.php(934): App\Controllers\Tesmata->listDatatesmata()
#5 /opt/lampp/htdocs/pkrs/system/CodeIgniter.php(499): CodeIgniter\CodeIgniter->runController(Object(App\Controllers\Tesmata))
#6 /opt/lampp/htdocs/pkrs/system/CodeIgniter.php(368): CodeIgniter\CodeIgniter->handleRequest(NULL, Object(Config\Cache), false)
#7 /opt/lampp/htdocs/pkrs/public/index.php(67): CodeIgniter\CodeIgniter->run()
#8 {main}
CRITICAL - 2025-03-10 12:00:42 --> You have an error in your SQL syntax; check the manual that corresponds to your MariaDB server version for the right syntax to use near 'WHERE
                    DATE_FORMAT(t_hasil.tgl_input, '%Y-%m-%d') between ...' at line 16
in SYSTEMPATH/Database/BaseConnection.php on line 645.
 1 APPPATH/Controllers/Tesmata.php(47): CodeIgniter\Database\BaseConnection->query('SELECT
                    t_hasil.kode_hasil,
                    t_hasil.kode_client,
                    m_clients.nama,
                    m_clients.alamat,
                    m_clients.no_wa,
                    m_clients.email,
                    t_hasil.pemeriksaan,
                    t_hasil.od,
                    t_hasil.os,
                    t_hasil.tgl_input
                FROM
                    t_hasil
                join m_clients on m_clients.kode_client=t_hasil.kode_client
                left join pasien px on px.
                WHERE
                    DATE_FORMAT(t_hasil.tgl_input, \'%Y-%m-%d\') between ? and ?
                    ', [...])
 2 SYSTEMPATH/CodeIgniter.php(934): App\Controllers\Tesmata->listDatatesmata()
 3 SYSTEMPATH/CodeIgniter.php(499): CodeIgniter\CodeIgniter->runController(Object(App\Controllers\Tesmata))
 4 SYSTEMPATH/CodeIgniter.php(368): CodeIgniter\CodeIgniter->handleRequest(null, Object(Config\Cache), false)
 5 FCPATH/index.php(67): CodeIgniter\CodeIgniter->run()
ERROR - 2025-03-10 12:02:48 --> mysqli_sql_exception: Illegal mix of collations (latin1_swedish_ci,IMPLICIT) and (latin1_general_ci,IMPLICIT) for operation '=' in /opt/lampp/htdocs/pkrs/system/Database/MySQLi/Connection.php:295
Stack trace:
#0 /opt/lampp/htdocs/pkrs/system/Database/MySQLi/Connection.php(295): mysqli->query('SELECT\n        ...', 0)
#1 /opt/lampp/htdocs/pkrs/system/Database/BaseConnection.php(691): CodeIgniter\Database\MySQLi\Connection->execute('SELECT\n        ...')
#2 /opt/lampp/htdocs/pkrs/system/Database/BaseConnection.php(605): CodeIgniter\Database\BaseConnection->simpleQuery('SELECT\n        ...')
#3 /opt/lampp/htdocs/pkrs/app/Controllers/Tesmata.php(48): CodeIgniter\Database\BaseConnection->query('SELECT\n        ...', Array)
#4 /opt/lampp/htdocs/pkrs/system/CodeIgniter.php(934): App\Controllers\Tesmata->listDatatesmata()
#5 /opt/lampp/htdocs/pkrs/system/CodeIgniter.php(499): CodeIgniter\CodeIgniter->runController(Object(App\Controllers\Tesmata))
#6 /opt/lampp/htdocs/pkrs/system/CodeIgniter.php(368): CodeIgniter\CodeIgniter->handleRequest(NULL, Object(Config\Cache), false)
#7 /opt/lampp/htdocs/pkrs/public/index.php(67): CodeIgniter\CodeIgniter->run()
#8 {main}
CRITICAL - 2025-03-10 12:02:48 --> Illegal mix of collations (latin1_swedish_ci,IMPLICIT) and (latin1_general_ci,IMPLICIT) for operation '='
in SYSTEMPATH/Database/BaseConnection.php on line 645.
 1 APPPATH/Controllers/Tesmata.php(48): CodeIgniter\Database\BaseConnection->query('SELECT
                    t_hasil.kode_hasil,
                    t_hasil.kode_client,
                    m_clients.nama,
                    m_clients.alamat,
                    m_clients.no_wa,
                    m_clients.email,
                    t_hasil.pemeriksaan,
                    t_hasil.od,
                    t_hasil.os,
                    t_hasil.tgl_input,
                    px.no_rkm_medis
                FROM
                    t_hasil
                join m_clients on m_clients.kode_client=t_hasil.kode_client
                left join pasien px on px.no_tlp=m_clients.no_wa
                WHERE
                    DATE_FORMAT(t_hasil.tgl_input, \'%Y-%m-%d\') between ? and ?
                    ', [...])
 2 SYSTEMPATH/CodeIgniter.php(934): App\Controllers\Tesmata->listDatatesmata()
 3 SYSTEMPATH/CodeIgniter.php(499): CodeIgniter\CodeIgniter->runController(Object(App\Controllers\Tesmata))
 4 SYSTEMPATH/CodeIgniter.php(368): CodeIgniter\CodeIgniter->handleRequest(null, Object(Config\Cache), false)
 5 FCPATH/index.php(67): CodeIgniter\CodeIgniter->run()
ERROR - 2025-03-10 12:02:50 --> mysqli_sql_exception: Illegal mix of collations (latin1_swedish_ci,IMPLICIT) and (latin1_general_ci,IMPLICIT) for operation '=' in /opt/lampp/htdocs/pkrs/system/Database/MySQLi/Connection.php:295
Stack trace:
#0 /opt/lampp/htdocs/pkrs/system/Database/MySQLi/Connection.php(295): mysqli->query('SELECT\n        ...', 0)
#1 /opt/lampp/htdocs/pkrs/system/Database/BaseConnection.php(691): CodeIgniter\Database\MySQLi\Connection->execute('SELECT\n        ...')
#2 /opt/lampp/htdocs/pkrs/system/Database/BaseConnection.php(605): CodeIgniter\Database\BaseConnection->simpleQuery('SELECT\n        ...')
#3 /opt/lampp/htdocs/pkrs/app/Controllers/Tesmata.php(48): CodeIgniter\Database\BaseConnection->query('SELECT\n        ...', Array)
#4 /opt/lampp/htdocs/pkrs/system/CodeIgniter.php(934): App\Controllers\Tesmata->listDatatesmata()
#5 /opt/lampp/htdocs/pkrs/system/CodeIgniter.php(499): CodeIgniter\CodeIgniter->runController(Object(App\Controllers\Tesmata))
#6 /opt/lampp/htdocs/pkrs/system/CodeIgniter.php(368): CodeIgniter\CodeIgniter->handleRequest(NULL, Object(Config\Cache), false)
#7 /opt/lampp/htdocs/pkrs/public/index.php(67): CodeIgniter\CodeIgniter->run()
#8 {main}
CRITICAL - 2025-03-10 12:02:50 --> Illegal mix of collations (latin1_swedish_ci,IMPLICIT) and (latin1_general_ci,IMPLICIT) for operation '='
in SYSTEMPATH/Database/BaseConnection.php on line 645.
 1 APPPATH/Controllers/Tesmata.php(48): CodeIgniter\Database\BaseConnection->query('SELECT
                    t_hasil.kode_hasil,
                    t_hasil.kode_client,
                    m_clients.nama,
                    m_clients.alamat,
                    m_clients.no_wa,
                    m_clients.email,
                    t_hasil.pemeriksaan,
                    t_hasil.od,
                    t_hasil.os,
                    t_hasil.tgl_input,
                    px.no_rkm_medis
                FROM
                    t_hasil
                join m_clients on m_clients.kode_client=t_hasil.kode_client
                left join pasien px on px.no_tlp=m_clients.no_wa
                WHERE
                    DATE_FORMAT(t_hasil.tgl_input, \'%Y-%m-%d\') between ? and ?
                    ', [...])
 2 SYSTEMPATH/CodeIgniter.php(934): App\Controllers\Tesmata->listDatatesmata()
 3 SYSTEMPATH/CodeIgniter.php(499): CodeIgniter\CodeIgniter->runController(Object(App\Controllers\Tesmata))
 4 SYSTEMPATH/CodeIgniter.php(368): CodeIgniter\CodeIgniter->handleRequest(null, Object(Config\Cache), false)
 5 FCPATH/index.php(67): CodeIgniter\CodeIgniter->run()
ERROR - 2025-03-10 12:03:04 --> mysqli_sql_exception: Illegal mix of collations (latin1_swedish_ci,IMPLICIT) and (latin1_general_ci,IMPLICIT) for operation '=' in /opt/lampp/htdocs/pkrs/system/Database/MySQLi/Connection.php:295
Stack trace:
#0 /opt/lampp/htdocs/pkrs/system/Database/MySQLi/Connection.php(295): mysqli->query('SELECT\n        ...', 0)
#1 /opt/lampp/htdocs/pkrs/system/Database/BaseConnection.php(691): CodeIgniter\Database\MySQLi\Connection->execute('SELECT\n        ...')
#2 /opt/lampp/htdocs/pkrs/system/Database/BaseConnection.php(605): CodeIgniter\Database\BaseConnection->simpleQuery('SELECT\n        ...')
#3 /opt/lampp/htdocs/pkrs/app/Controllers/Tesmata.php(48): CodeIgniter\Database\BaseConnection->query('SELECT\n        ...', Array)
#4 /opt/lampp/htdocs/pkrs/system/CodeIgniter.php(934): App\Controllers\Tesmata->listDatatesmata()
#5 /opt/lampp/htdocs/pkrs/system/CodeIgniter.php(499): CodeIgniter\CodeIgniter->runController(Object(App\Controllers\Tesmata))
#6 /opt/lampp/htdocs/pkrs/system/CodeIgniter.php(368): CodeIgniter\CodeIgniter->handleRequest(NULL, Object(Config\Cache), false)
#7 /opt/lampp/htdocs/pkrs/public/index.php(67): CodeIgniter\CodeIgniter->run()
#8 {main}
CRITICAL - 2025-03-10 12:03:04 --> Illegal mix of collations (latin1_swedish_ci,IMPLICIT) and (latin1_general_ci,IMPLICIT) for operation '='
in SYSTEMPATH/Database/BaseConnection.php on line 645.
 1 APPPATH/Controllers/Tesmata.php(48): CodeIgniter\Database\BaseConnection->query('SELECT
                    t_hasil.kode_hasil,
                    t_hasil.kode_client,
                    m_clients.nama,
                    m_clients.alamat,
                    m_clients.no_wa,
                    m_clients.email,
                    t_hasil.pemeriksaan,
                    t_hasil.od,
                    t_hasil.os,
                    t_hasil.tgl_input,
                    px.no_rkm_medis
                FROM
                    t_hasil
                join m_clients on m_clients.kode_client=t_hasil.kode_client
                left join pasien px on px.no_tlp=m_clients.no_wa
                WHERE
                    DATE_FORMAT(t_hasil.tgl_input, \'%Y-%m-%d\') between ? and ?
                    ', [...])
 2 SYSTEMPATH/CodeIgniter.php(934): App\Controllers\Tesmata->listDatatesmata()
 3 SYSTEMPATH/CodeIgniter.php(499): CodeIgniter\CodeIgniter->runController(Object(App\Controllers\Tesmata))
 4 SYSTEMPATH/CodeIgniter.php(368): CodeIgniter\CodeIgniter->handleRequest(null, Object(Config\Cache), false)
 5 FCPATH/index.php(67): CodeIgniter\CodeIgniter->run()
